<?xml version="1.0" encoding="UTF-8"?>
<!-- Generated by org.testng.reporters.JUnitXMLReporter -->
<testsuite ignored="0" hostname="Aquero" failures="0" tests="2" name="Default test" time="10.767" errors="0" timestamp="2023-04-07T13:20:29 AST">
  <testcase classname="tests.UserRegistrationWithDataProvider" name="userCanRegisterSuccssfully" time="5.669"/>
  <testcase classname="tests.UserRegistrationWithDataProvider" name="userCanRegisterSuccssfully" time="5.057"/>
</testsuite> <!-- Default test -->
