<?xml version="1.0" encoding="UTF-8"?>
<testng-results ignored="0" total="2" passed="2" failed="0" skipped="0">
  <reporter-output>
  </reporter-output>
  <suite started-at="2023-04-07T13:20:18 AST" name="Default suite" finished-at="2023-04-07T13:20:29 AST" duration-ms="10767">
    <groups>
    </groups>
    <test started-at="2023-04-07T13:20:18 AST" name="Default test" finished-at="2023-04-07T13:20:29 AST" duration-ms="10767">
      <class name="tests.UserRegistrationWithDataProvider">
        <test-method is-config="true" signature="startDriver(java.lang.String)[pri:0, instance:tests.UserRegistrationWithDataProvider@4466af20]" started-at="2023-04-07T13:20:14 AST" name="startDriver" finished-at="2023-04-07T13:20:18 AST" duration-ms="4123" status="PASS">
          <params>
            <param index="0">
              <value>
                <![CDATA[chrome]]>
              </value>
            </param>
          </params>
          <reporter-output>
          </reporter-output>
        </test-method> <!-- startDriver -->
        <test-method signature="userCanRegisterSuccssfully(java.lang.String,java.lang.String,java.lang.String,java.lang.String)[pri:1, instance:tests.UserRegistrationWithDataProvider@4466af20]" started-at="2023-04-07T13:20:18 AST" name="userCanRegisterSuccssfully" data-provider="testData" finished-at="2023-04-07T13:20:24 AST" duration-ms="5669" status="PASS">
          <params>
            <param index="0">
              <value>
                <![CDATA[hasan]]>
              </value>
            </param>
            <param index="1">
              <value>
                <![CDATA[mohamed]]>
              </value>
            </param>
            <param index="2">
              <value>
                <![CDATA[testn30@test.com]]>
              </value>
            </param>
            <param index="3">
              <value>
                <![CDATA[123587]]>
              </value>
            </param>
          </params>
          <reporter-output>
          </reporter-output>
        </test-method> <!-- userCanRegisterSuccssfully -->
        <test-method is-config="true" signature="screenShotOnFailure(org.testng.ITestResult)[pri:0, instance:tests.UserRegistrationWithDataProvider@4466af20]" started-at="2023-04-07T13:20:24 AST" name="screenShotOnFailure" finished-at="2023-04-07T13:20:24 AST" duration-ms="1" status="PASS">
          <params>
            <param index="0">
              <value>
                <![CDATA[[TestResult name=userCanRegisterSuccssfully status=SUCCESS method=UserRegistrationWithDataProvider.userCanRegisterSuccssfully(java.lang.String,java.lang.String,java.lang.String,java.lang.String)[pri:1, instance:tests.UserRegistrationWithDataProvider@4466af20] output={null}]]]>
              </value>
            </param>
          </params>
          <reporter-output>
          </reporter-output>
        </test-method> <!-- screenShotOnFailure -->
        <test-method signature="userCanRegisterSuccssfully(java.lang.String,java.lang.String,java.lang.String,java.lang.String)[pri:1, instance:tests.UserRegistrationWithDataProvider@4466af20]" started-at="2023-04-07T13:20:24 AST" name="userCanRegisterSuccssfully" data-provider="testData" finished-at="2023-04-07T13:20:29 AST" duration-ms="5057" status="PASS">
          <params>
            <param index="0">
              <value>
                <![CDATA[sayed]]>
              </value>
            </param>
            <param index="1">
              <value>
                <![CDATA[fawzy]]>
              </value>
            </param>
            <param index="2">
              <value>
                <![CDATA[testgh85z@test.com]]>
              </value>
            </param>
            <param index="3">
              <value>
                <![CDATA[456321]]>
              </value>
            </param>
          </params>
          <reporter-output>
          </reporter-output>
        </test-method> <!-- userCanRegisterSuccssfully -->
        <test-method is-config="true" signature="screenShotOnFailure(org.testng.ITestResult)[pri:0, instance:tests.UserRegistrationWithDataProvider@4466af20]" started-at="2023-04-07T13:20:29 AST" name="screenShotOnFailure" finished-at="2023-04-07T13:20:29 AST" duration-ms="1" status="PASS">
          <params>
            <param index="0">
              <value>
                <![CDATA[[TestResult name=userCanRegisterSuccssfully status=SUCCESS method=UserRegistrationWithDataProvider.userCanRegisterSuccssfully(java.lang.String,java.lang.String,java.lang.String,java.lang.String)[pri:1, instance:tests.UserRegistrationWithDataProvider@4466af20] output={null}]]]>
              </value>
            </param>
          </params>
          <reporter-output>
          </reporter-output>
        </test-method> <!-- screenShotOnFailure -->
        <test-method is-config="true" signature="stopDriver()[pri:0, instance:tests.UserRegistrationWithDataProvider@4466af20]" started-at="2023-04-07T13:20:29 AST" name="stopDriver" finished-at="2023-04-07T13:20:29 AST" duration-ms="242" status="PASS">
          <reporter-output>
          </reporter-output>
        </test-method> <!-- stopDriver -->
      </class> <!-- tests.UserRegistrationWithDataProvider -->
    </test> <!-- Default test -->
  </suite> <!-- Default suite -->
</testng-results>
